[2024-01-28 17:19:51,225] multiqc                                            [DEBUG  ]  This is MultiQC v1.19
[2024-01-28 17:19:51,226] multiqc                                            [DEBUG  ]  Command used: /Users/isabelthompson/Library/Python/3.9/bin/multiqc .
[2024-01-28 17:19:51,632] multiqc                                            [DEBUG  ]  Latest MultiQC version is v1.19
[2024-01-28 17:19:51,633] multiqc                                            [DEBUG  ]  Working dir : /Users/isabelthompson/Library/CloudStorage/GoogleDrive-ithomps3@nd.edu/My Drive/Bioinformatics/QC_Module_1/DAP_CURE/fastqc_output
[2024-01-28 17:19:51,633] multiqc                                            [DEBUG  ]  Template    : default
[2024-01-28 17:19:51,633] multiqc                                            [DEBUG  ]  Running Python 3.9.6 (default, Nov 10 2023, 13:38:27)  [Clang 15.0.0 (clang-1500.1.0.2.5)]
[2024-01-28 17:19:51,634] multiqc                                            [DEBUG  ]  Analysing modules: custom_content, ccs, ngsderive, purple, conpair, lima, peddy, somalier, methylQA, mosdepth, phantompeakqualtools, qualimap, preseq, hifiasm, quast, qorts, rna_seqc, rockhopper, rsem, rseqc, busco, bustools, goleft_indexcov, gffcompare, disambiguate, supernova, deeptools, sargasso, verifybamid, mirtrace, happy, mirtop, sambamba, gopeaks, homer, hops, macs2, theta2, snpeff, gatk, htseq, bcftools, featureCounts, fgbio, dragen, dragen_fastqc, dedup, pbmarkdup, damageprofiler, mapdamage, biobambam2, jcvi, mtnucratio, picard, vep, bakta, prokka, qc3C, nanostat, samblaster, samtools, sexdeterrmine, seqera_cli, eigenstratdatabasetools, bamtools, jellyfish, vcftools, longranger, stacks, varscan2, snippy, umitools, truvari, bbmap, bismark, biscuit, diamond, hicexplorer, hicup, hicpro, salmon, kallisto, slamdunk, star, hisat2, tophat, bowtie2, bowtie1, cellranger, snpsplit, odgi, pangolin, nextclade, freyja, humid, kat, leehom, librarian, adapterRemoval, bbduk, clipandmerge, cutadapt, flexbar, sourmash, kaiju, bracken, kraken, malt, motus, trimmomatic, sickle, skewer, sortmerna, biobloomtools, fastq_screen, afterqc, fastp, fastqc, filtlong, prinseqplusplus, pychopper, porechop, pycoqc, minionqc, anglerfish, multivcfanalyzer, clusterflow, checkqc, bcl2fastq, bclconvert, interop, ivar, flash, seqyclean, optitype, whatshap, xenome, xengsort
[2024-01-28 17:19:51,635] multiqc                                            [DEBUG  ]  Using temporary directory for creating report: /var/folders/pm/c45v73qs2h758303ch13mhwm0000gn/T/tmprh75zszw
[2024-01-28 17:19:51,637] multiqc                                            [INFO   ]  Search path : /Users/isabelthompson/Library/CloudStorage/GoogleDrive-ithomps3@nd.edu/My Drive/Bioinformatics/QC_Module_1/DAP_CURE/fastqc_output
[2024-01-28 17:19:52,031] multiqc                                            [DEBUG  ]  Summary of files that were skipped by the search: [skipped_module_specific_max_filesize: 247] // [skipped_no_match: 20] // [skipped_ignore_pattern: 1]
[2024-01-28 17:19:53,692] multiqc.plots.bargraph                             [DEBUG  ]  Using matplotlib version 3.8.2
[2024-01-28 17:19:53,693] multiqc.plots.linegraph                            [DEBUG  ]  Using matplotlib version 3.8.2
[2024-01-28 17:19:53,693] multiqc                                            [DEBUG  ]  No samples found: custom_content
[2024-01-28 17:19:54,542] multiqc.modules.fastqc.fastqc                      [INFO   ]  Found 19 reports
[2024-01-28 17:19:54,587] multiqc.utils.software_versions                    [DEBUG  ]  Reading software versions from config.software_versions
[2024-01-28 17:19:54,602] multiqc                                            [DEBUG  ]  Compressing plot data
[2024-01-28 17:19:54,827] multiqc                                            [INFO   ]  Report      : multiqc_report.html
[2024-01-28 17:19:54,827] multiqc                                            [INFO   ]  Data        : multiqc_data
[2024-01-28 17:19:54,827] multiqc                                            [DEBUG  ]  Moving data file from '/var/folders/pm/c45v73qs2h758303ch13mhwm0000gn/T/tmprh75zszw/multiqc_data' to '/Users/isabelthompson/Library/CloudStorage/GoogleDrive-ithomps3@nd.edu/My Drive/Bioinformatics/QC_Module_1/DAP_CURE/fastqc_output/multiqc_data'
[2024-01-28 17:19:54,829] multiqc                                            [DEBUG  ]  Full report path: /Users/isabelthompson/Library/CloudStorage/GoogleDrive-ithomps3@nd.edu/My Drive/Bioinformatics/QC_Module_1/DAP_CURE/fastqc_output/multiqc_report.html
[2024-01-28 17:19:54,936] multiqc                                            [INFO   ]  MultiQC complete
